<?xml version="1.0" encoding="UTF-8"?>
<!-- Generated by org.testng.reporters.JUnitReportReporter -->
<testsuite hostname="01HW1825492" failures="0" tests="1" name="AirIndia.Project2_AI.T1_RegistrationPageTest" time="21.415" errors="0" timestamp="2025-02-23T09:39:15 IST" skipped="0">
  <testcase classname="AirIndia.Project2_AI.T1_RegistrationPageTest" name="testcase" time="21.415">
    <system-out>
      <![CDATA[TestCase is passed]]>
    </system-out>
  </testcase> <!-- testcase -->
  <system-out>
    <![CDATA[TestCase is passed]]>
  </system-out>
</testsuite> <!-- AirIndia.Project2_AI.T1_RegistrationPageTest -->
